#
# A fatal error has been detected by the Java Runtime Environment:
#
#  EXCEPTION_ACCESS_VIOLATION (0xc0000005) at pc=0x6ff0152d, pid=9068, tid=16364
#
# JRE version: Java(TM) SE Runtime Environment (8.0-b132) (build 1.8.0-b132)
# Java VM: Java HotSpot(TM) Client VM (25.0-b70 mixed mode, sharing windows-x86 )
# Problematic frame:
# C  [jni.dll+0x152d]
#
# Core dump written. Default location: C:\Documents and Settings\Administrator.CSII-034CF4FBCF\My Documents\newworkspace\Java8\hs_err_pid9068.mdmp
#
# If you would like to submit a bug report, please visit:
#   http://bugreport.sun.com/bugreport/crash.jsp
# The crash happened outside the Java Virtual Machine in native code.
# See problematic frame for where to report the bug.
#

---------------  T H R E A D  ---------------

Current thread (0x0087a800):  JavaThread "main" [_thread_in_native, id=16364, stack(0x00950000,0x009a0000)]

siginfo: ExceptionCode=0xc0000005, writing address 0x6ff03071

Registers:
EAX=0x00000057, EBX=0x0099fc30, ECX=0x00000006, EDX=0x6ff03071
ESP=0x0099fc20, EBP=0x0099fc78, ESI=0x00000010, EDI=0x0087a800
EIP=0x6ff0152d, EFLAGS=0x00010202

Top of Stack: (sp=0x0099fc20)
0x0099fc20:   00000001 00000010 02b36a98 6ff014b7
0x0099fc30:   133f05c8 0099fcc8 00000000 0000153a
0x0099fc40:   0087a800 0099fc6c 6d1c51a0 0099fc30
0x0099fc50:   00000001 0000000d 02b36a98 6ff03071
0x0099fc60:   00000002 00000000 00000001 00000006
0x0099fc70:   133f05c8 133f05c8 0099fcb8 009dac63
0x0099fc80:   0087a930 0099fccc 0099fcc8 133f0d80
0x0099fc90:   133f05c8 009daa56 0099fc98 133f05c8 

Instructions: (pc=0x6ff0152d)
0x6ff0150d:   45 d4 8b 55 f0 8b 4d e4 89 0c 90 eb 25 8b 55 ec
0x6ff0151d:   8b 45 e4 01 c2 8b 4d f4 8b 45 e0 01 c8 0f b6 00
0x6ff0152d:   88 02 83 45 ec 01 83 45 f4 01 8b 45 f4 3b 45 dc
0x6ff0153d:   7c 93 8b 45 08 8b 00 8b 50 18 c7 44 24 04 72 30 


Register to memory mapping:

EAX=0x00000057 is an unknown value
EBX=0x0099fc30 is pointing into the stack for thread: 0x0087a800
ECX=0x00000006 is an unknown value
EDX=0x6ff03071 is an unknown value
ESP=0x0099fc20 is pointing into the stack for thread: 0x0087a800
EBP=0x0099fc78 is pointing into the stack for thread: 0x0087a800
ESI=0x00000010 is an unknown value
EDI=0x0087a800 is a thread


Stack: [0x00950000,0x009a0000],  sp=0x0099fc20,  free space=319k
Native frames: (J=compiled Java code, j=interpreted, Vv=VM code, C=native code)
C  [jni.dll+0x152d]

[error occurred during error reporting (printing native stack), id 0xc0000005]

Java frames: (J=compiled Java code, j=interpreted, Vv=VM code)

[error occurred during error reporting (printing Java stack), id 0xc0000005]


---------------  P R O C E S S  ---------------

Java Threads: ( => current thread )
  0x02aee000 JavaThread "Service Thread" daemon [_thread_blocked, id=14652, stack(0x13800000,0x13850000)]
  0x02aea000 JavaThread "C1 CompilerThread0" daemon [_thread_blocked, id=7480, stack(0x137b0000,0x13800000)]
  0x02ae5400 JavaThread "Attach Listener" daemon [_thread_blocked, id=14800, stack(0x13760000,0x137b0000)]
  0x02ae4000 JavaThread "Signal Dispatcher" daemon [_thread_blocked, id=15628, stack(0x13710000,0x13760000)]
  0x02a75c00 JavaThread "Finalizer" daemon [_thread_blocked, id=14504, stack(0x136c0000,0x13710000)]
  0x02a70c00 JavaThread "Reference Handler" daemon [_thread_blocked, id=5624, stack(0x13670000,0x136c0000)]
=>0x0087a800 JavaThread "main" [_thread_in_native, id=16364, stack(0x00950000,0x009a0000)]

Other Threads:
  0x02a6ec00 VMThread [stack: 0x13620000,0x13670000] [id=5468]
  0x02af0400 WatcherThread [stack: 0x13d80000,0x13dd0000] [id=14592]

VM state:not at safepoint (normal execution)

VM Mutex/Monitor currently owned by a thread: None

Heap:
 def new generation   total 4928K, used 845K [0x02c00000, 0x03150000, 0x08150000)
  eden space 4416K,  19% used [0x02c00000, 0x02cd3600, 0x03050000)
  from space 512K,   0% used [0x03050000, 0x03050000, 0x030d0000)
  to   space 512K,   0% used [0x030d0000, 0x030d0000, 0x03150000)
 tenured generation   total 10944K, used 0K [0x08150000, 0x08c00000, 0x12c00000)
   the space 10944K,   0% used [0x08150000, 0x08150000, 0x08150200, 0x08c00000)
 Metaspace       used 83K, capacity 2244K, committed 2368K, reserved 4480K

Card table byte_map: [0x02b50000,0x02be0000] byte_map_base: 0x02b3a000

Polling page: 0x009a0000

CodeCache: size=32768Kb used=662Kb max_used=662Kb free=32105Kb
 bounds [0x009d0000, 0x00a78000, 0x029d0000]
 total_blobs=151 nmethods=12 adapters=72
 compilation: enabled

Compilation events (10 events):
Event: 0.514 Thread 0x02aea000    8             java.lang.AbstractStringBuilder::append (29 bytes)
Event: 0.514 Thread 0x02aea000 nmethod 8 0x00a74008 code [0x00a74110, 0x00a741fc]
Event: 0.518 Thread 0x02aea000    9             java.lang.String::indexOf (166 bytes)
Event: 0.519 Thread 0x02aea000 nmethod 9 0x00a74408 code [0x00a74520, 0x00a74750]
Event: 0.520 Thread 0x02aea000   10             java.lang.String::lastIndexOf (52 bytes)
Event: 0.520 Thread 0x02aea000 nmethod 10 0x00a74a88 code [0x00a74b90, 0x00a74c9c]
Event: 0.522 Thread 0x02aea000   11             java.io.WinNTFileSystem::normalize (143 bytes)
Event: 0.523 Thread 0x02aea000 nmethod 11 0x00a74d88 code [0x00a74ed0, 0x00a7513c]
Event: 0.565 Thread 0x02aea000   12             sun.misc.FDBigInteger::mult (64 bytes)
Event: 0.565 Thread 0x02aea000 nmethod 12 0x00a75508 code [0x00a75600, 0x00a757b0]

GC Heap History (0 events):
No events

Deoptimization events (0 events):
No events

Internal exceptions (4 events):
Event: 0.299 Thread 0x0087a800 Exception <a 'java/lang/NoSuchMethodError': Method sun.misc.Unsafe.defineClass(Ljava/lang/String;[BII)Ljava/lang/Class; name or signature does not match> (0x02c10340) thrown at [D:\re\workspace\8-2-build-windows-i586-cygwin\jdk8\2238\hotspot\src\share\vm\pöšÊ5"Ó?
Event: 0.299 Thread 0x0087a800 Exception <a 'java/lang/NoSuchMethodError': Method sun.misc.Unsafe.prefetchRead(Ljava/lang/Object;J)V name or signature does not match> (0x02c105c0) thrown at [D:\re\workspace\8-2-build-windows-i586-cygwin\jdk8\2238\hotspot\src\share\vm\prims\jni.cpp, line­%ˆæXà?
Event: 0.511 Thread 0x0087a800 Exception <a 'java/security/PrivilegedActionException'> (0x02cb0220) thrown at [D:\re\workspace\8-2-build-windows-i586-cygwin\jdk8\2238\hotspot\src\share\vm\prims\jvm.cpp, line 1248]
Event: 0.518 Thread 0x0087a800 Exception <a 'java/security/PrivilegedActionException'> (0x02cb7268) thrown at [D:\re\workspace\8-2-build-windows-i586-cygwin\jdk8\2238\hotspot\src\share\vm\prims\jvm.cpp, line 1248]

Events (10 events):
Event: 0.508 loading class sun/nio/cs/ThreadLocalCoders$1
Event: 0.508 loading class sun/nio/cs/ThreadLocalCoders$Cache
Event: 0.508 loading class sun/nio/cs/ThreadLocalCoders$Cache done
Event: 0.508 loading class sun/nio/cs/ThreadLocalCoders$1 done
Event: 0.508 loading class sun/nio/cs/ThreadLocalCoders$2
Event: 0.508 loading class sun/nio/cs/ThreadLocalCoders$2 done
Event: 0.512 loading class sun/misc/URLClassPath$FileLoader$1
Event: 0.512 loading class sun/misc/URLClassPath$FileLoader$1 done
Event: 0.518 loading class base/Jni$Person
Event: 0.518 loading class base/Jni$Person done


Dynamic libraries:
0x00400000 - 0x00430000 	C:\Program Files\Java\jre8\bin\javaw.exe
0x7c930000 - 0x7ca00000 	C:\WINDOWS\system32\ntdll.dll
0x7c800000 - 0x7c92b000 	C:\WINDOWS\system32\kernel32.dll
0x77f30000 - 0x77fdb000 	C:\WINDOWS\system32\ADVAPI32.dll
0x77c20000 - 0x77cc0000 	C:\WINDOWS\system32\RPCRT4.dll
0x76eb0000 - 0x76ec3000 	C:\WINDOWS\system32\Secur32.dll
0x77e10000 - 0x77ea0000 	C:\WINDOWS\system32\USER32.dll
0x77bd0000 - 0x77c19000 	C:\WINDOWS\system32\GDI32.dll
0x77cd0000 - 0x77dd3000 	C:\WINDOWS\WinSxS\x86_Microsoft.Windows.Common-Controls_6595b64144ccf1df_6.0.3790.4770_x-ww_05FDF087\COMCTL32.dll
0x77b70000 - 0x77bca000 	C:\WINDOWS\system32\msvcrt.dll
0x77eb0000 - 0x77f02000 	C:\WINDOWS\system32\SHLWAPI.dll
0x76180000 - 0x7619d000 	C:\WINDOWS\system32\IMM32.DLL
0x7f000000 - 0x7f009000 	C:\WINDOWS\system32\LPK.DLL
0x74ae0000 - 0x74b45000 	C:\WINDOWS\system32\USP10.dll
0x78aa0000 - 0x78b5f000 	C:\Program Files\Java\jre8\bin\msvcr100.dll
0x6d150000 - 0x6d4e6000 	C:\Program Files\Java\jre8\bin\client\jvm.dll
0x71b10000 - 0x71b1b000 	C:\WINDOWS\system32\WSOCK32.dll
0x71b60000 - 0x71b77000 	C:\WINDOWS\system32\WS2_32.dll
0x71b50000 - 0x71b58000 	C:\WINDOWS\system32\WS2HELP.dll
0x769e0000 - 0x76a0a000 	C:\WINDOWS\system32\WINMM.dll
0x76ab0000 - 0x76abb000 	C:\WINDOWS\system32\PSAPI.DLL
0x6ef50000 - 0x6ef5c000 	C:\Program Files\Java\jre8\bin\verify.dll
0x6d9c0000 - 0x6d9e1000 	C:\Program Files\Java\jre8\bin\java.dll
0x6efe0000 - 0x6eff3000 	C:\Program Files\Java\jre8\bin\zip.dll
0x7ca10000 - 0x7d1ec000 	C:\WINDOWS\system32\SHELL32.dll
0x75870000 - 0x7592d000 	C:\WINDOWS\system32\USERENV.dll
0x6ff00000 - 0x6ff14000 	C:\Documents and Settings\Administrator.CSII-034CF4FBCF\My Documents\newworkspace\Java8\jni.dll
0x6d830000 - 0x6d8d8000 	C:\WINDOWS\system32\DBGHELP.DLL
0x77b60000 - 0x77b68000 	C:\WINDOWS\system32\VERSION.dll

VM Arguments:
jvm_args: -Dfile.encoding=UTF-8 
java_command: base.Jni
java_class_path (initial): C:\Documents and Settings\Administrator.CSII-034CF4FBCF\My Documents\newworkspace\Java8\bin
Launcher Type: SUN_STANDARD

Environment Variables:
CLASSPATH=C:\Program Files\IBM\WebSphere MQ\Java\lib\providerutil.jar;C:\Program Files\IBM\WebSphere MQ\Java\lib\com.ibm.mqjms.jar;C:\Program Files\IBM\WebSphere MQ\Java\lib\ldap.jar;C:\Program Files\IBM\WebSphere MQ\Java\lib\jta.jar;C:\Program Files\IBM\WebSphere MQ\Java\lib\jndi.jar;C:\Program Files\IBM\WebSphere MQ\Java\lib\jms.jar;C:\Program Files\IBM\WebSphere MQ\Java\lib\connector.jar;C:\Program Files\IBM\WebSphere MQ\Java\lib\fscontext.jar;C:\Program Files\IBM\WebSphere MQ\Java\lib\com.ibm.mq.jar;.;C:\Program Files\Java\jdk1.5.0_06\bin;C:\Program Files\Java\jdk1.5.0_06\lib\dt.jar;C:\Program Files\Java\jdk1.5.0_06\lib\tools.jar
PATH=C:/Program Files/Java/jre8/bin/client;C:/Program Files/Java/jre8/bin;C:/Program Files/Java/jre8/lib/i386;C:\Program Files\ruby\bin;C:\Program Files\Common Files\NetSarang;C:\Program Files\IBM\WebSphere MQ\Java\lib;E:\oracle\product\10.2.0\db_1\bin;C:\WINDOWS\system32;C:\WINDOWS;C:\WINDOWS\System32\Wbem;C:\Program Files\Microsoft SQL Server\90\Tools\binn\;C:\Program Files\TortoiseSVN\bin;C:\PROGRA~1\ULTRAEDT;C:\Program Files\Java\jdk1.5.0_06\bin;C:\Program Files\IBM\WebSphere MQ\bin;C:\Program Files\IBM\WebSphere MQ\tools\c\samples\bin;E:\Ö¸ÎÆÒÇ+Ë¢¿¨Æ÷\mysql°²×°ÎÄ¼þ¼Ð\bin;C:\Program Files\SSH Communications Security\SSH Secure Shell;C:\Program Files\Java\eclipse;
USERNAME=Administrator
OS=Windows_NT
PROCESSOR_IDENTIFIER=x86 Family 6 Model 15 Stepping 13, GenuineIntel



---------------  S Y S T E M  ---------------

OS: Windows Server 2003 family Build 3790 Service Pack 2

CPU:total 2 (2 cores per cpu, 1 threads per core) family 6 model 15 stepping 13, cmov, cx8, fxsr, mmx, sse, sse2, sse3, ssse3, tsc

Memory: 4k page, physical 2087048k(82224k free), swap 5633260k(1238592k free)

vm_info: Java HotSpot(TM) Client VM (25.0-b70) for windows-x86 JRE (1.8.0-b132), built on Mar  4 2014 03:51:15 by "java_re" with MS VC++ 10.0 (VS2010)

time: Thu Apr 17 13:54:12 2014
elapsed time: 8 seconds

